C51 COMPILER V9.54   MAIN                                                                  04/16/2022 19:43:10 PAGE 1   


C51 COMPILER V9.54, COMPILATION OF MODULE MAIN
OBJECT MODULE PLACED IN .\list\main.obj
COMPILER INVOKED BY: D:\Keil_v5\C51\BIN\C51.EXE main.c OMF2 OPTIMIZE(8,SPEED) BROWSE DEBUG PRINT(.\list\main.lst) TABS(2
                    -) OBJECT(.\list\main.obj)

line level    source

   1          /*---------------------------------------------------------------------*/
   2          /* --- STC MCU Limited ------------------------------------------------*/
   3          /* --- STC 1T Series MCU Demo Programme -------------------------------*/
   4          /* --- Mobile: (86)13922805190 ----------------------------------------*/
   5          /* --- Fax: 86-0513-55012956,55012947,55012969 ------------------------*/
   6          /* --- Tel: 86-0513-55012928,55012929,55012966 ------------------------*/
   7          /* --- Web: www.STCMCU.com --------------------------------------------*/
   8          /* --- Web: www.STCMCUDATA.com  ---------------------------------------*/
   9          /* --- QQ:  800003751 -------------------------------------------------*/
  10          /* 如果要在程序中使用此代码,请在程序中注明使用了STC的资料及程序            */
  11          /*---------------------------------------------------------------------*/
  12          
  13          #include  "config.h"
  14          #include  "gpio.h"
  15          #include  "UART.h"
  16          #include  "delay.h"
  17          
  18          /*************  功能说明  **************
  19          
  20          本例程基于STC8H8K64U为主控芯片的实验箱8进行编写测试，STC8G、STC8H系列芯片可通用参考.
  21          
  22          双串口全双工中断方式收发通讯程序。
  23          
  24          通过PC向MCU发送数据, MCU收到后通过串口把收到的数据原样返回, 默认波特率：115200,N,8,1.
  25          
  26          通过开启 UART.h 头文件里面的 UART1~UART4 定义，启动不同通道的串口通信。
  27          
  28          用定时器做波特率发生器，建议使用1T模式(除非低波特率用12T)，并选择可被波特率整除的时钟频率，以提高精度。
  29          
  30          下载时, 选择时钟 22.1184MHz (用户可在"config.h"修改频率).
  31          
  32          ******************************************/
  33          
  34          /*************  本地常量声明  **************/
  35          
  36          
  37          /*************  本地变量声明  **************/
  38          
  39          
  40          /*************  本地函数声明  **************/
  41          
  42          
  43          /*************  外部函数和变量声明 *****************/
  44          
  45          
  46          /******************* IO配置函数 *******************/
  47          void Init_ESP01S();
  48          void  GPIO_config(void)
  49          {
  50   1        GPIO_InitTypeDef  GPIO_InitStructure;   //结构定义
  51   1      
  52   1        GPIO_InitStructure.Pin  = GPIO_Pin_0 | GPIO_Pin_1 | GPIO_Pin_6 |GPIO_Pin_7;   //指定要初始化的IO, GPIO_Pin
             -_0 ~ GPIO_Pin_7
  53   1        GPIO_InitStructure.Mode = GPIO_PullUp;  //指定IO的输入或输出方式,GPIO_PullUp,GPIO_HighZ,GPIO_OUT_OD,GPIO_O
C51 COMPILER V9.54   MAIN                                                                  04/16/2022 19:43:10 PAGE 2   

             -UT_PP
  54   1        GPIO_Inilize(GPIO_P3,&GPIO_InitStructure);  //初始化
  55   1      }
  56          
  57          /***************  串口初始化函数 *****************/
  58          void  UART_config(void)
  59          {
  60   1        COMx_InitDefine   COMx_InitStructure;         //结构定义
  61   1        COMx_InitStructure.UART_Mode      = UART_8bit_BRTx; //模式, UART_ShiftRight,UART_8bit_BRTx,UART_9bit,UART
             -_9bit_BRTx
  62   1        COMx_InitStructure.UART_BRT_Use   = BRT_Timer2;     //使用波特率, BRT_Timer1, BRT_Timer2 (注意: 串口2固定使
             -用BRT_Timer2)
  63   1        COMx_InitStructure.UART_BaudRate  = 115200ul;     //波特率, 一般 110 ~ 115200
  64   1        COMx_InitStructure.UART_RxEnable  = ENABLE;       //接收允许,   ENABLE或DISABLE
  65   1        COMx_InitStructure.BaudRateDouble = DISABLE;      //波特率加倍, ENABLE或DISABLE
  66   1        COMx_InitStructure.UART_Interrupt = ENABLE;       //中断允许,   ENABLE或DISABLE
  67   1        COMx_InitStructure.UART_Polity    = Polity_0;     //指定中断优先级(低到高) Polity_0,Polity_1,Polity_2,Polit
             -y_3
  68   1        COMx_InitStructure.UART_P_SW      = UART1_SW_P36_P37; //切换端口,   UART1_SW_P30_P31,UART1_SW_P36_P37,UAR
             -T1_SW_P16_P17,UART1_SW_P43_P44
  69   1        UART_Configuration(UART1, &COMx_InitStructure);   //初始化串口1 UART1,UART2,UART3,UART4
  70   1      
  71   1        PrintString1("STC8H8K64U UART1 Test Programme!\r\n"); //UART1发送一个字符串
  72   1      }
  73          
  74          
  75          /**********************************************/
  76          void main(void)
  77          {
  78   1        u8  i;
  79   1      
  80   1        GPIO_config();
  81   1        UART_config();
  82   1        EA = 1;
  83   1        
  84   1        Init_ESP01S();
  85   1      
  86   1        
  87   1      }
*** WARNING C280 IN LINE 78 OF main.c: 'i': unreferenced local variable
  88          
  89          void Init_ESP01S()
  90          {   
  91   1        PrintString1("AT+CIPSTART=\"TCP\",\"192.168.43.217\",8086\r\n");   
  92   1        delay_ms(5);  
  93   1        PrintString1("AT+CIPMODE=1");    
  94   1        delay_ms(5);
  95   1        PrintString1("AT+CIPSEND"); 
  96   1      }
  97          
  98          


MODULE INFORMATION:   STATIC OVERLAYABLE
   CODE SIZE        =    115    ----
   CONSTANT SIZE    =    101    ----
   XDATA SIZE       =   ----    ----
   PDATA SIZE       =   ----    ----
   DATA SIZE        =   ----      15
   IDATA SIZE       =   ----    ----
   BIT SIZE         =   ----    ----
   EDATA SIZE       =   ----    ----
C51 COMPILER V9.54   MAIN                                                                  04/16/2022 19:43:10 PAGE 3   

   HDATA SIZE       =   ----    ----
   XDATA CONST SIZE =   ----    ----
   FAR CONST SIZE   =   ----    ----
END OF MODULE INFORMATION.


C51 COMPILATION COMPLETE.  1 WARNING(S),  0 ERROR(S)
