C51 COMPILER V9.54   WIFI                                                                  04/24/2022 23:16:35 PAGE 1   


C51 COMPILER V9.54, COMPILATION OF MODULE WIFI
OBJECT MODULE PLACED IN .\list\WIFI.obj
COMPILER INVOKED BY: D:\Keil_v5\C51\BIN\C51.EXE WIFI.c LARGE OMF2 OPTIMIZE(8,SPEED) BROWSE DEBUG PRINT(.\list\WIFI.lst) 
                    -TABS(2) OBJECT(.\list\WIFI.obj)

line level    source

   1          #include "WIFI.h"
   2          
   3          void wificonfig()
   4          {
   5   1      
   6   1      }
   7          


MODULE INFORMATION:   STATIC OVERLAYABLE
   CODE SIZE        =      1    ----
   CONSTANT SIZE    =   ----    ----
   XDATA SIZE       =   ----    ----
   PDATA SIZE       =   ----    ----
   DATA SIZE        =   ----    ----
   IDATA SIZE       =   ----    ----
   BIT SIZE         =   ----    ----
   EDATA SIZE       =   ----    ----
   HDATA SIZE       =   ----    ----
   XDATA CONST SIZE =   ----    ----
   FAR CONST SIZE   =   ----    ----
END OF MODULE INFORMATION.


C51 COMPILATION COMPLETE.  0 WARNING(S),  0 ERROR(S)
